[2026-04-28 16:59:42] copied CM_Stable_260428b-Bold.otf -> production/fonts/CM_Stable.otf
wrote /Users/mdnd-martijn/Documents/GitHub/cm-tester/production/fonts/CM_Stable.labels.json: {'ss01': {'label': 'Double Storey g', 'sample': 'g', 'substitutions': {'g': 143}, 'description': 'A double storey g adds personality, but makes the overall feel of the face slightly less consistent.'}, 'ss02': {'label': 'Single Storey Aa', 'sample': 'Aa', 'substitutions': {'A': 69, 'a': 144}, 'description': 'A single storey a gives the feel of the face more consistent, but takes away some of the horizontal focus and overall visual interest.'}, 'ss03': {'label': 'Lowercaps E', 'sample': 'E', 'substitutions': {'E': 70}, 'description': 'The lowercaps e brings in more of a fun feeling, but adds complexity and negative space to a letter that usually provides structure.'}, 'ss04': {'label': 'Crossed t', 'sample': 't', 'substitutions': {'t': 145}, 'description': 'The crossed t adds a visual reference to the original logo, but takes away some of the consistency in the letter group jft.'}, 'ss05': {'label': 'Straight terminals', 'sample': 'jft', 'substitutions': {'J': 71, 'f': 146, 'j': 147, 'r': 148, 't': 149}, 'description': "Straight terminals bring more harmony to the typeface, but remove the 13 degree anchor that's present throughout the typeface."}}
[main c3aba37] Production font sync: CM_Stable_260428b-Bold.otf
 1 file changed, 0 insertions(+), 0 deletions(-)
To https://github.com/typograaf/cm-tester.git
   74c3ded..c3aba37  main -> main
[2026-04-28 16:59:44] pushed: CM_Stable_260428b-Bold.otf
[2026-04-28 17:10:03] no change (CM_Stable_260428b-Bold.otf)
[2026-04-28 17:10:14] copied CM_Stable_260428c-Bold.otf -> production/fonts/CM_Stable.otf
wrote /Users/mdnd-martijn/Documents/GitHub/cm-tester/production/fonts/CM_Stable.labels.json: {'ss01': {'label': 'Double Storey g', 'sample': 'g', 'substitutions': {'g': 144}, 'description': 'A double storey g adds personality, but makes the overall feel of the face slightly less consistent.'}, 'ss02': {'label': 'Single Storey Aa', 'sample': 'Aa', 'substitutions': {'A': 69, 'a': 145}, 'description': 'A single storey a gives the feel of the face more consistent, but takes away some of the horizontal focus and overall visual interest.'}, 'ss03': {'label': 'Lowercaps E', 'sample': 'E', 'substitutions': {'E': 70}, 'description': 'The lowercaps e brings in more of a fun feeling, but adds complexity and negative space to a letter that usually provides structure.'}, 'ss04': {'label': 'Crossed t', 'sample': 't', 'substitutions': {'t': 146}, 'description': 'The crossed t adds a visual reference to the original logo, but takes away some of the consistency in the letter group jft.'}, 'ss05': {'label': 'Straight terminals', 'sample': 'jft', 'substitutions': {'J': 71, 'f': 147, 'j': 148, 'r': 149, 't': 150}, 'description': "Straight terminals bring more harmony to the typeface, but remove the 13 degree anchor that's present throughout the typeface."}, 'ss06': {'label': 'Spurless G', 'sample': 'G', 'substitutions': {'G': 72}}}
[main b5b2047] Production font sync: CM_Stable_260428c-Bold.otf
 2 files changed, 14 insertions(+), 7 deletions(-)
To https://github.com/typograaf/cm-tester.git
   c3aba37..b5b2047  main -> main
[2026-04-28 17:10:18] pushed: CM_Stable_260428c-Bold.otf
[2026-04-28 17:10:55] copied CM_Stable_260428b-Bold.otf -> production/fonts/CM_Stable.otf
wrote /Users/mdnd-martijn/Documents/GitHub/cm-tester/production/fonts/CM_Stable.labels.json: {'ss01': {'label': 'Double Storey g', 'sample': 'g', 'substitutions': {'g': 143}, 'description': 'A double storey g adds personality, but makes the overall feel of the face slightly less consistent.'}, 'ss02': {'label': 'Single Storey Aa', 'sample': 'Aa', 'substitutions': {'A': 69, 'a': 144}, 'description': 'A single storey a gives the feel of the face more consistent, but takes away some of the horizontal focus and overall visual interest.'}, 'ss03': {'label': 'Lowercaps E', 'sample': 'E', 'substitutions': {'E': 70}, 'description': 'The lowercaps e brings in more of a fun feeling, but adds complexity and negative space to a letter that usually provides structure.'}, 'ss04': {'label': 'Crossed t', 'sample': 't', 'substitutions': {'t': 145}, 'description': 'The crossed t adds a visual reference to the original logo, but takes away some of the consistency in the letter group jft.'}, 'ss05': {'label': 'Straight terminals', 'sample': 'jft', 'substitutions': {'J': 71, 'f': 146, 'j': 147, 'r': 148, 't': 149}, 'description': "Straight terminals bring more harmony to the typeface, but remove the 13 degree anchor that's present throughout the typeface."}}
[main 60d9019] Production font sync: CM_Stable_260428b-Bold.otf
 2 files changed, 7 insertions(+), 14 deletions(-)
To https://github.com/typograaf/cm-tester.git
   b5b2047..60d9019  main -> main
[2026-04-28 17:10:57] pushed: CM_Stable_260428b-Bold.otf
[2026-04-28 17:11:05] copied CM_Stable_260428c-Bold.otf -> production/fonts/CM_Stable.otf
wrote /Users/mdnd-martijn/Documents/GitHub/cm-tester/production/fonts/CM_Stable.labels.json: {'ss01': {'label': 'Double Storey g', 'sample': 'g', 'substitutions': {'g': 144}, 'description': 'A double storey g adds personality, but makes the overall feel of the face slightly less consistent.'}, 'ss02': {'label': 'Single Storey Aa', 'sample': 'Aa', 'substitutions': {'A': 69, 'a': 145}, 'description': 'A single storey a gives the feel of the face more consistent, but takes away some of the horizontal focus and overall visual interest.'}, 'ss03': {'label': 'Lowercaps E', 'sample': 'E', 'substitutions': {'E': 70}, 'description': 'The lowercaps e brings in more of a fun feeling, but adds complexity and negative space to a letter that usually provides structure.'}, 'ss04': {'label': 'Crossed t', 'sample': 't', 'substitutions': {'t': 146}, 'description': 'The crossed t adds a visual reference to the original logo, but takes away some of the consistency in the letter group jft.'}, 'ss05': {'label': 'Straight terminals', 'sample': 'jft', 'substitutions': {'J': 71, 'f': 147, 'j': 148, 'r': 149, 't': 150}, 'description': "Straight terminals bring more harmony to the typeface, but remove the 13 degree anchor that's present throughout the typeface."}, 'ss06': {'label': 'Spurless G', 'sample': 'G', 'substitutions': {'G': 72}}}
[main 225c209] Production font sync: CM_Stable_260428c-Bold.otf
 2 files changed, 14 insertions(+), 7 deletions(-)
To https://github.com/typograaf/cm-tester.git
   60d9019..225c209  main -> main
[2026-04-28 17:11:07] pushed: CM_Stable_260428c-Bold.otf
[2026-04-28 17:11:56] copied CM_Stable_260428d-Bold.otf -> production/fonts/CM_Stable.otf
wrote /Users/mdnd-martijn/Documents/GitHub/cm-tester/production/fonts/CM_Stable.labels.json: {'ss01': {'label': 'Double Storey g', 'sample': 'g', 'substitutions': {'g': 144}, 'description': 'A double storey g adds personality, but makes the overall feel of the face slightly less consistent.'}, 'ss02': {'label': 'Single Storey Aa', 'sample': 'Aa', 'substitutions': {'A': 69, 'a': 145}, 'description': 'A single storey a gives the feel of the face more consistent, but takes away some of the horizontal focus and overall visual interest.'}, 'ss03': {'label': 'Lowercaps E', 'sample': 'E', 'substitutions': {'E': 70}, 'description': 'The lowercaps e brings in more of a fun feeling, but adds complexity and negative space to a letter that usually provides structure.'}, 'ss04': {'label': 'Crossed t', 'sample': 't', 'substitutions': {'t': 146}, 'description': 'The crossed t adds a visual reference to the original logo, but takes away some of the consistency in the letter group jft.'}, 'ss05': {'label': 'Straight terminals', 'sample': 'jft', 'substitutions': {'J': 71, 'f': 147, 'j': 148, 'r': 149, 't': 150}, 'description': "Straight terminals bring more harmony to the typeface, but remove the 13 degree anchor that's present throughout the typeface."}, 'ss06': {'label': 'Spurless G', 'sample': 'G', 'substitutions': {'G': 72}}}
[main ed8242e] Production font sync: CM_Stable_260428d-Bold.otf
 1 file changed, 0 insertions(+), 0 deletions(-)
To https://github.com/typograaf/cm-tester.git
   225c209..ed8242e  main -> main
[2026-04-28 17:11:59] pushed: CM_Stable_260428d-Bold.otf
[2026-04-28 17:17:30] copied CM_Stable_260428e-Bold.otf -> production/fonts/CM_Stable.otf
wrote /Users/mdnd-martijn/Documents/GitHub/cm-tester/production/fonts/CM_Stable.labels.json: {'ss01': {'label': 'Double Storey g', 'sample': 'g', 'substitutions': {'g': 144}, 'description': 'A double storey g adds personality, but makes the overall feel of the face slightly less consistent.'}, 'ss02': {'label': 'Single Storey Aa', 'sample': 'Aa', 'substitutions': {'A': 69, 'a': 145}, 'description': 'A single storey a gives the feel of the face more consistent, but takes away some of the horizontal focus and overall visual interest.'}, 'ss03': {'label': 'Lowercaps E', 'sample': 'E', 'substitutions': {'E': 70}, 'description': 'The lowercaps e brings in more of a fun feeling, but adds complexity and negative space to a letter that usually provides structure.'}, 'ss04': {'label': 'Crossed t', 'sample': 't', 'substitutions': {'t': 146}, 'description': 'The crossed t adds a visual reference to the original logo, but takes away some of the consistency in the letter group jft.'}, 'ss05': {'label': 'Straight terminals', 'sample': 'jft', 'substitutions': {'J': 71, 'f': 147, 'j': 148, 'r': 149, 't': 150}, 'description': "Straight terminals bring more harmony to the typeface, but remove the 13 degree anchor that's present throughout the typeface."}, 'ss06': {'label': 'Spurless G', 'sample': 'G', 'substitutions': {'G': 72}}}
[main 22bab55] Production font sync: CM_Stable_260428e-Bold.otf
 1 file changed, 0 insertions(+), 0 deletions(-)
To https://github.com/typograaf/cm-tester.git
   ed8242e..22bab55  main -> main
[2026-04-28 17:17:32] pushed: CM_Stable_260428e-Bold.otf
